.text _start
_start __libc_start_main
__libc_start_main __libc_csu_init
__libc_csu_init _init
0x000000000003ffe8 _init
__libc_csu_init frame_dummy
frame_dummy register_tm_clones
__libc_start_main main
main i18n_initialize
i18n_initialize .plt.sec
.plt.sec setlocale
i18n_initialize .plt.sec
.plt.sec setlocale
i18n_initialize .plt.sec
.plt.sec bindtextdomain
i18n_initialize .plt.sec
.plt.sec textdomain
main .plt.sec
.plt.sec __nss_database_lookup
main 0x0000000000046a20
0x0000000000046a20 main
0x0000000000046a20 main
main 0x0000000000046a20
main initialize
initialize defaults
defaults .plt.sec
.plt.sec __nss_database_lookup
defaults 0x0000000000046c40
defaults 0x0000000000046a40
defaults xstrdup_real
xstrdup_real .plt.sec
.plt.sec strdup
defaults 0x0000000000046a80
defaults 0x0000000000046a48
defaults 0x0000000000046a68
defaults 0x0000000000046a78
defaults xstrdup_real
xstrdup_real .plt.sec
.plt.sec strdup
defaults 0x0000000000046b08
defaults xstrdup_real
xstrdup_real .plt.sec
.plt.sec strdup
defaults 0x0000000000046b10
defaults 0x0000000000046b18
defaults 0x0000000000046b1c
defaults 0x0000000000046c08
defaults 0x0000000000046b40
defaults 0x0000000000046b44
defaults .plt.sec
.plt.sec getenv
defaults sepstring
sepstring xrealloc_real
xrealloc_real .plt.sec
.plt.sec __libc_malloc
sepstring strdupdelim
strdupdelim xmalloc_real
xmalloc_real .plt.sec
.plt.sec __libc_malloc
strdupdelim .plt.sec
.plt.sec __nss_database_lookup
0x0000000000039c22 sepstring
sepstring xrealloc_real
xrealloc_real .plt.sec
.plt.sec realloc
sepstring strdupdelim
strdupdelim xmalloc_real
xmalloc_real .plt.sec
.plt.sec __libc_malloc
strdupdelim .plt.sec
.plt.sec __nss_database_lookup
0x0000000000039c34 sepstring
sepstring xrealloc_real
xrealloc_real .plt.sec
.plt.sec realloc
sepstring strdupdelim
strdupdelim xmalloc_real
xmalloc_real .plt.sec
.plt.sec __libc_malloc
strdupdelim .plt.sec
.plt.sec __nss_database_lookup
defaults 0x0000000000046b68
defaults 0x0000000000046b48
defaults 0x0000000000046b90
defaults 0x0000000000046bb0
defaults 0x0000000000046c04
defaults 0x0000000000046c18
defaults 0x0000000000046c24
defaults 0x0000000000046c20
initialize file_exists_p
file_exists_p .plt.sec
.plt.sec access
initialize wgetrc_file_name
wgetrc_file_name .plt.sec
.plt.sec getenv
wgetrc_file_name home_dir
home_dir .plt.sec
.plt.sec getenv
home_dir xstrdup_real
xstrdup_real .plt.sec
.plt.sec strdup
wgetrc_file_name .plt.sec
.plt.sec __nss_database_lookup
wgetrc_file_name xmalloc_real
xmalloc_real .plt.sec
.plt.sec __libc_malloc
wgetrc_file_name .plt.sec
.plt.sec _IO_sprintf
wgetrc_file_name .plt.sec
.plt.sec free
wgetrc_file_name file_exists_p
file_exists_p .plt.sec
.plt.sec access
wgetrc_file_name .plt.sec
.plt.sec free
main .plt.sec
.plt.sec getopt_long
0x0000000000046a40 main
0x0000000000046b78 main
main set_progress_implementation
set_progress_implementation .plt.sec
.plt.sec __nss_database_lookup
set_progress_implementation .plt.sec
.plt.sec __nss_database_lookup
0x0000000000043780 set_progress_implementation
set_progress_implementation .plt.sec
.plt.sec __nss_database_lookup
0x00000000000437a8 set_progress_implementation
set_progress_implementation .plt.sec
.plt.sec __nss_database_lookup
set_progress_implementation 0x0000000000044408
set_progress_implementation 0x0000000000044410
0x00000000000437c8 set_progress_implementation
0x00000000000437c8 set_progress_implementation
set_progress_implementation bar_set_params
0x0000000000046a88 bar_set_params
0x0000000000043920 bar_set_params
bar_set_params .plt.sec
.plt.sec fileno
bar_set_params .plt.sec
.plt.sec isatty
bar_set_params determine_screen_width
0x0000000000046a88 determine_screen_width
0x0000000000043920 determine_screen_width
determine_screen_width .plt.sec
.plt.sec fileno
determine_screen_width .plt.sec
.plt.sec ioctl
bar_set_params 0x0000000000043760
0x0000000000046a68 main
0x0000000000046c30 main
0x0000000000046a40 main
0x0000000000046a44 main
main 0x0000000000046a40
0x0000000000046a40 main
0x0000000000046a44 main
0x0000000000046be4 main
0x00000000000438f8 main
0x0000000000046a4c main
0x00000000000438f8 main
main rewrite_shorthand_url
rewrite_shorthand_url url_has_scheme
0x0000000000039cae url_has_scheme
0x0000000000039cae url_has_scheme
0x0000000000039cae url_has_scheme
0x0000000000039c1c url_has_scheme
rewrite_shorthand_url .plt.sec
.plt.sec __nss_database_lookup
rewrite_shorthand_url xmalloc_real
xmalloc_real .plt.sec
.plt.sec __libc_malloc
rewrite_shorthand_url .plt.sec
.plt.sec _IO_sprintf
0x00000000000438f8 main
main .plt.sec
.plt.sec _IO_printf
0x00000000000438f8 main
main 0x00000000000438f8
0x0000000000046a88 main
main log_init
0x0000000000043920 log_init
log_init 0x0000000000043a20
0x0000000000043a20 log_init
log_init .plt.sec
.plt.sec fileno
log_init .plt.sec
.plt.sec isatty
log_init 0x0000000000046a00
0x0000000000046be0 main
0x0000000000046ae8 main
main .plt.sec
.plt.sec bsd_signal
main .plt.sec
.plt.sec bsd_signal
main .plt.sec
.plt.sec bsd_signal
main .plt.sec
.plt.sec bsd_signal
main .plt.sec
.plt.sec bsd_signal
0x0000000000046a58 main
main retrieve_url
retrieve_url xstrdup_real
xstrdup_real .plt.sec
.plt.sec strdup
retrieve_url url_parse
url_parse url_scheme
0x0000000000043860 url_scheme
0x0000000000043860 url_scheme
url_scheme .plt.sec
.plt.sec __nss_database_lookup
0x0000000000043860 url_scheme
url_scheme .plt.sec
.plt.sec __nss_database_lookup
0x000000000004386c url_scheme
url_parse reencode_string
reencode_string decide_copy_method
0x000000000003a048 decide_copy_method
reencode_string decide_copy_method
0x000000000003a054 decide_copy_method
reencode_string decide_copy_method
0x000000000003a054 decide_copy_method
reencode_string decide_copy_method
0x000000000003a050 decide_copy_method
reencode_string decide_copy_method
0x000000000003a01a decide_copy_method
0x000000000003a01a decide_copy_method
reencode_string decide_copy_method
0x000000000003a00f decide_copy_method
reencode_string decide_copy_method
0x000000000003a00f decide_copy_method
reencode_string decide_copy_method
0x000000000003a057 decide_copy_method
reencode_string decide_copy_method
0x000000000003a057 decide_copy_method
reencode_string decide_copy_method
0x000000000003a057 decide_copy_method
reencode_string decide_copy_method
0x000000000003a00e decide_copy_method
reencode_string decide_copy_method
0x000000000003a042 decide_copy_method
reencode_string decide_copy_method
0x000000000003a041 decide_copy_method
reencode_string decide_copy_method
0x000000000003a049 decide_copy_method
reencode_string decide_copy_method
0x000000000003a044 decide_copy_method
reencode_string decide_copy_method
0x000000000003a055 decide_copy_method
reencode_string decide_copy_method
0x000000000003a00e decide_copy_method
reencode_string decide_copy_method
0x000000000003a043 decide_copy_method
reencode_string decide_copy_method
0x000000000003a04f decide_copy_method
reencode_string decide_copy_method
0x000000000003a04d decide_copy_method
0x0000000000043860 url_parse
url_parse .plt.sec
.plt.sec __nss_database_lookup
url_parse url_skip_uname
url_skip_uname .plt.sec
.plt.sec __nss_database_lookup
url_parse strpbrk_or_eos
strpbrk_or_eos .plt.sec
.plt.sec __nss_database_lookup
strpbrk_or_eos .plt.sec
.plt.sec __nss_database_lookup
url_parse scheme_default_port
0x0000000000043868 scheme_default_port
url_parse xmalloc_real
xmalloc_real .plt.sec
.plt.sec __libc_malloc
url_parse .plt.sec
.plt.sec __nss_database_lookup
url_parse strdupdelim
strdupdelim xmalloc_real
xmalloc_real .plt.sec
.plt.sec __libc_malloc
strdupdelim .plt.sec
.plt.sec __nss_database_lookup
url_parse strdupdelim
strdupdelim xmalloc_real
xmalloc_real .plt.sec
.plt.sec __libc_malloc
strdupdelim .plt.sec
.plt.sec __nss_database_lookup
url_parse path_simplify
url_parse parse_path
parse_path .plt.sec
.plt.sec __nss_database_lookup
parse_path .plt.sec
.plt.sec __nss_database_lookup
parse_path decode_string
parse_path .plt.sec
.plt.sec __nss_database_lookup
parse_path xstrdup_real
xstrdup_real .plt.sec
.plt.sec strdup
parse_path xstrdup_real
xstrdup_real .plt.sec
.plt.sec strdup
url_parse lowercase_str
0x0000000000039cae lowercase_str
0x0000000000039cae lowercase_str
0x0000000000039cae lowercase_str
0x0000000000039c1c lowercase_str
0x0000000000039c84 lowercase_str
0x0000000000039c82 lowercase_str
0x0000000000039c92 lowercase_str
0x0000000000039c88 lowercase_str
0x0000000000039caa lowercase_str
0x0000000000039c1c lowercase_str
0x0000000000039c86 lowercase_str
0x0000000000039c9e lowercase_str
0x0000000000039c9a lowercase_str
url_parse url_string
0x0000000000043868 url_string
0x0000000000043860 url_string
url_string full_path_length
full_path_length .plt.sec
.plt.sec __nss_database_lookup
url_string .plt.sec
.plt.sec __nss_database_lookup
url_string .plt.sec
.plt.sec __nss_database_lookup
url_string xmalloc_real
xmalloc_real .plt.sec
.plt.sec __libc_malloc
url_string .plt.sec
.plt.sec __nss_database_lookup
url_string .plt.sec
.plt.sec __nss_database_lookup
url_string .plt.sec
.plt.sec __nss_database_lookup
url_string .plt.sec
.plt.sec __nss_database_lookup
url_string full_path_write
full_path_write .plt.sec
.plt.sec __nss_database_lookup
full_path_write .plt.sec
.plt.sec __nss_database_lookup
0x0000000000046bf8 retrieve_url
0x0000000000046b44 retrieve_url
retrieve_url getproxy
0x0000000000046b50 getproxy
getproxy .plt.sec
.plt.sec getenv
getproxy rewrite_shorthand_url
rewrite_shorthand_url url_has_scheme
0x0000000000039c90 url_has_scheme
0x0000000000039ca8 url_has_scheme
0x0000000000039ca8 url_has_scheme
0x0000000000039ca0 url_has_scheme
0x0000000000039c34 url_has_scheme
0x0000000000046b68 retrieve_url
retrieve_url no_proxy_match
no_proxy_match sufmatch
sufmatch .plt.sec
.plt.sec __nss_database_lookup
sufmatch .plt.sec
.plt.sec __nss_database_lookup
0x0000000000039dc0 sufmatch
0x0000000000039dc0 sufmatch
0x0000000000039e34 sufmatch
0x0000000000039e2d sufmatch
sufmatch .plt.sec
.plt.sec __nss_database_lookup
0x0000000000039dc0 sufmatch
0x0000000000039dc0 sufmatch
0x0000000000039df8 sufmatch
0x0000000000039e2d sufmatch
sufmatch .plt.sec
.plt.sec __nss_database_lookup
0x0000000000039dc0 sufmatch
0x0000000000039dc0 sufmatch
0x0000000000039df1 sufmatch
0x0000000000039e2d sufmatch
retrieve_url getproxy
0x0000000000046b50 getproxy
getproxy .plt.sec
.plt.sec getenv
getproxy rewrite_shorthand_url
rewrite_shorthand_url url_has_scheme
0x0000000000039c90 url_has_scheme
0x0000000000039ca8 url_has_scheme
0x0000000000039ca8 url_has_scheme
0x0000000000039ca0 url_has_scheme
0x0000000000039c34 url_has_scheme
retrieve_url url_parse
url_parse url_scheme
0x0000000000043860 url_scheme
0x0000000000043860 url_scheme
url_scheme .plt.sec
.plt.sec __nss_database_lookup
0x0000000000043860 url_scheme
url_scheme .plt.sec
.plt.sec __nss_database_lookup
0x000000000004386c url_scheme
url_parse reencode_string
reencode_string decide_copy_method
0x000000000003a048 decide_copy_method
reencode_string decide_copy_method
0x000000000003a054 decide_copy_method
reencode_string decide_copy_method
0x000000000003a054 decide_copy_method
reencode_string decide_copy_method
0x000000000003a050 decide_copy_method
reencode_string decide_copy_method
0x000000000003a01a decide_copy_method
0x000000000003a01a decide_copy_method
reencode_string decide_copy_method
0x000000000003a00f decide_copy_method
reencode_string decide_copy_method
0x000000000003a00f decide_copy_method
reencode_string decide_copy_method
0x000000000003a011 decide_copy_method
reencode_string decide_copy_method
0x000000000003a012 decide_copy_method
reencode_string decide_copy_method
0x000000000003a017 decide_copy_method
reencode_string decide_copy_method
0x000000000003a00e decide_copy_method
reencode_string decide_copy_method
0x000000000003a010 decide_copy_method
reencode_string decide_copy_method
0x000000000003a00e decide_copy_method
reencode_string decide_copy_method
0x000000000003a010 decide_copy_method
reencode_string decide_copy_method
0x000000000003a00e decide_copy_method
reencode_string decide_copy_method
0x000000000003a011 decide_copy_method
reencode_string decide_copy_method
0x000000000003a01a decide_copy_method
0x000000000003a01a decide_copy_method
reencode_string decide_copy_method
0x000000000003a017 decide_copy_method
reencode_string decide_copy_method
0x000000000003a018 decide_copy_method
reencode_string decide_copy_method
0x000000000003a019 decide_copy_method
reencode_string decide_copy_method
0x000000000003a010 decide_copy_method
reencode_string decide_copy_method
0x000000000003a00f decide_copy_method
0x0000000000043860 url_parse
url_parse .plt.sec
.plt.sec __nss_database_lookup
url_parse url_skip_uname
url_skip_uname .plt.sec
.plt.sec __nss_database_lookup
url_parse strpbrk_or_eos
strpbrk_or_eos .plt.sec
.plt.sec __nss_database_lookup
url_parse scheme_default_port
0x0000000000043868 scheme_default_port
url_parse strpbrk_or_eos
strpbrk_or_eos .plt.sec
.plt.sec __nss_database_lookup
0x0000000000039c2e url_parse
0x0000000000039c30 url_parse
0x0000000000039c32 url_parse
0x0000000000039c20 url_parse
url_parse strpbrk_or_eos
strpbrk_or_eos .plt.sec
.plt.sec __nss_database_lookup
strpbrk_or_eos .plt.sec
.plt.sec __nss_database_lookup
url_parse xmalloc_real
xmalloc_real .plt.sec
.plt.sec __libc_malloc
url_parse .plt.sec
.plt.sec __nss_database_lookup
url_parse strdupdelim
strdupdelim xmalloc_real
xmalloc_real .plt.sec
.plt.sec __libc_malloc
strdupdelim .plt.sec
.plt.sec __nss_database_lookup
url_parse strdupdelim
strdupdelim xmalloc_real
xmalloc_real .plt.sec
.plt.sec __libc_malloc
strdupdelim .plt.sec
.plt.sec __nss_database_lookup
url_parse path_simplify
url_parse parse_path
parse_path .plt.sec
.plt.sec __nss_database_lookup
parse_path .plt.sec
.plt.sec __nss_database_lookup
parse_path decode_string
parse_path .plt.sec
.plt.sec __nss_database_lookup
parse_path xstrdup_real
xstrdup_real .plt.sec
.plt.sec strdup
parse_path xstrdup_real
xstrdup_real .plt.sec
.plt.sec strdup
url_parse lowercase_str
0x0000000000039c22 lowercase_str
0x0000000000039c24 lowercase_str
0x0000000000039c2e lowercase_str
0x0000000000039c1c lowercase_str
0x0000000000039c20 lowercase_str
0x0000000000039c1c lowercase_str
0x0000000000039c20 lowercase_str
0x0000000000039c1c lowercase_str
0x0000000000039c22 lowercase_str
url_parse url_string
0x0000000000043868 url_string
0x0000000000043860 url_string
url_string full_path_length
full_path_length .plt.sec
.plt.sec __nss_database_lookup
url_string .plt.sec
.plt.sec __nss_database_lookup
url_string .plt.sec
.plt.sec __nss_database_lookup
url_string numdigit
url_string xmalloc_real
xmalloc_real .plt.sec
.plt.sec __libc_malloc
url_string .plt.sec
.plt.sec __nss_database_lookup
url_string .plt.sec
.plt.sec __nss_database_lookup
url_string .plt.sec
.plt.sec __nss_database_lookup
url_string .plt.sec
.plt.sec __nss_database_lookup
url_string long_to_string
url_string .plt.sec
.plt.sec __nss_database_lookup
url_string full_path_write
full_path_write .plt.sec
.plt.sec __nss_database_lookup
full_path_write .plt.sec
.plt.sec __nss_database_lookup
retrieve_url http_loop
0x0000000000046c40 http_loop
0x0000000000046c48 http_loop
http_loop .plt.sec
.plt.sec __nss_database_lookup
http_loop url_filename
0x0000000000046a6c url_filename
url_filename compose_file_name
0x000000000003a230 compose_file_name
0x000000000003a230 compose_file_name
0x000000000003a049 compose_file_name
0x000000000003a230 compose_file_name
0x000000000003a231 compose_file_name
0x000000000003a231 compose_file_name
0x000000000003a04e compose_file_name
0x000000000003a231 compose_file_name
0x000000000003a232 compose_file_name
0x000000000003a232 compose_file_name
0x000000000003a044 compose_file_name
0x000000000003a232 compose_file_name
0x000000000003a233 compose_file_name
0x000000000003a233 compose_file_name
0x000000000003a045 compose_file_name
0x000000000003a233 compose_file_name
0x000000000003a234 compose_file_name
0x000000000003a234 compose_file_name
0x000000000003a058 compose_file_name
0x000000000003a234 compose_file_name
0x000000000003a235 compose_file_name
0x000000000003a235 compose_file_name
0x000000000003a00e compose_file_name
0x000000000003a235 compose_file_name
0x000000000003a236 compose_file_name
0x000000000003a236 compose_file_name
0x000000000003a048 compose_file_name
0x000000000003a236 compose_file_name
0x000000000003a237 compose_file_name
0x000000000003a237 compose_file_name
0x000000000003a054 compose_file_name
0x000000000003a237 compose_file_name
0x000000000003a238 compose_file_name
0x000000000003a238 compose_file_name
0x000000000003a04d compose_file_name
0x000000000003a238 compose_file_name
0x000000000003a239 compose_file_name
0x000000000003a239 compose_file_name
0x000000000003a04c compose_file_name
0x000000000003a239 compose_file_name
0x000000000003a23a compose_file_name
compose_file_name xstrdup_real
xstrdup_real .plt.sec
.plt.sec strdup
0x0000000000046a80 url_filename
0x0000000000046a80 url_filename
0x0000000000046a7c url_filename
0x0000000000046b00 url_filename
0x0000000000046be4 url_filename
0x0000000000046a6c url_filename
url_filename unique_name
unique_name unique_name_1
unique_name_1 xstrdup_real
xstrdup_real .plt.sec
.plt.sec strdup
unique_name_1 file_exists_p
file_exists_p .plt.sec
.plt.sec access
url_filename .plt.sec
.plt.sec free
0x0000000000046ae8 http_loop
http_loop .plt.sec
.plt.sec __nss_database_lookup
0x0000000000046a7c http_loop
0x0000000000046be4 http_loop
http_loop sleep_between_retrievals
0x0000000000043800 sleep_between_retrievals
0x0000000000046b98 sleep_between_retrievals
0x0000000000043800 sleep_between_retrievals
0x0000000000043800 sleep_between_retrievals
sleep_between_retrievals 0x0000000000043800
http_loop time_str
time_str .plt.sec
.plt.sec __vdso_time
time_str .plt.sec
.plt.sec localtime
time_str .plt.sec
.plt.sec _IO_sprintf
0x0000000000046a40 http_loop
http_loop url_string
0x0000000000043868 url_string
0x0000000000043860 url_string
url_string full_path_length
full_path_length .plt.sec
.plt.sec __nss_database_lookup
url_string .plt.sec
.plt.sec __nss_database_lookup
url_string .plt.sec
.plt.sec __nss_database_lookup
url_string xmalloc_real
xmalloc_real .plt.sec
.plt.sec __libc_malloc
url_string .plt.sec
.plt.sec __nss_database_lookup
url_string .plt.sec
.plt.sec __nss_database_lookup
url_string .plt.sec
.plt.sec __nss_database_lookup
url_string .plt.sec
.plt.sec __nss_database_lookup
url_string full_path_write
full_path_write .plt.sec
.plt.sec __nss_database_lookup
full_path_write .plt.sec
.plt.sec __nss_database_lookup
http_loop logprintf
0x0000000000046a40 logprintf
0x0000000000043a20 logprintf
0x00000000000438f0 logprintf
0x0000000000043a20 logprintf
logprintf .plt.sec
.plt.sec __nss_database_lookup
logprintf logvprintf
0x0000000000046a00 logvprintf
logvprintf .plt.sec
.plt.sec vsnprintf
logvprintf saved_append
saved_append .plt.sec
.plt.sec __nss_database_lookup
saved_append saved_append_1
0x0000000000044400 saved_append_1
0x0000000000042d4c saved_append_1
saved_append_1 0x0000000000042d4c
0x0000000000042d4c saved_append_1
saved_append_1 .plt.sec
.plt.sec __nss_database_lookup
saved_append_1 0x0000000000043a64
saved_append_1 0x0000000000043aa0
saved_append_1 0x0000000000044400
0x0000000000044400 saved_append_1
0x0000000000042d4c saved_append_1
saved_append_1 0x0000000000042d4c
0x0000000000042d4c saved_append_1
saved_append .plt.sec
.plt.sec __nss_database_lookup
saved_append saved_append_1
0x0000000000044400 saved_append_1
0x0000000000042d4c saved_append_1
0x0000000000042d4c saved_append_1
saved_append_1 free_log_line
0x0000000000043b00 free_log_line
free_log_line 0x0000000000043b08
0x0000000000042d4c saved_append_1
saved_append_1 .plt.sec
.plt.sec __nss_database_lookup
saved_append_1 0x0000000000043ac3
saved_append_1 0x0000000000043b08
saved_append_1 0x0000000000044400
0x0000000000044400 saved_append_1
0x0000000000042d4c saved_append_1
saved_append_1 0x0000000000042d4c
0x0000000000042d4c saved_append_1
0x0000000000043a20 logvprintf
logvprintf .plt.sec
.plt.sec fputs
0x0000000000042d48 logvprintf
logvprintf logflush
0x0000000000043a20 logflush
0x00000000000438f0 logflush
0x0000000000043a20 logflush
0x0000000000043a20 logflush
logflush .plt.sec
.plt.sec _IO_fflush
logflush 0x0000000000043a28
http_loop .plt.sec
.plt.sec free
0x0000000000046a9c http_loop
0x0000000000046b00 http_loop
0x0000000000046b00 http_loop
0x0000000000046b48 http_loop
http_loop gethttp
0x0000000000046b40 gethttp
gethttp lookup_host
lookup_host .plt.sec
.plt.sec inet_addr
lookup_host address_list_new_one
address_list_new_one xmalloc_real
xmalloc_real .plt.sec
.plt.sec __libc_malloc
address_list_new_one xmalloc_real
xmalloc_real .plt.sec
.plt.sec __libc_malloc
gethttp set_connection_host_name
0x0000000000043938 set_connection_host_name
set_connection_host_name 0x0000000000043938
gethttp connect_to_many
connect_to_many address_list_get_bounds
connect_to_many address_list_copy_one
connect_to_many connect_to_one
connect_to_one .plt.sec
.plt.sec ntohs
connect_to_one pretty_print_address
pretty_print_address .plt.sec
.plt.sec inet_ntoa
0x0000000000043938 connect_to_one
0x0000000000043938 connect_to_one
connect_to_one .plt.sec
.plt.sec __nss_database_lookup
connect_to_one .plt.sec
.plt.sec gettext
connect_to_one logprintf
0x0000000000046a40 logprintf
0x0000000000043a20 logprintf
0x00000000000438f0 logprintf
0x0000000000043a20 logprintf
logprintf .plt.sec
.plt.sec __nss_database_lookup
logprintf logvprintf
0x0000000000046a00 logvprintf
logvprintf .plt.sec
.plt.sec vsnprintf
logvprintf saved_append
saved_append .plt.sec
.plt.sec __nss_database_lookup
saved_append .plt.sec
.plt.sec __nss_database_lookup
saved_append saved_append_1
0x0000000000044400 saved_append_1
0x0000000000042d4c saved_append_1
0x0000000000042d4c saved_append_1
saved_append_1 free_log_line
0x0000000000043b68 free_log_line
free_log_line 0x0000000000043b70
0x0000000000042d4c saved_append_1
saved_append_1 .plt.sec
.plt.sec __nss_database_lookup
saved_append_1 0x0000000000043b30
saved_append_1 0x0000000000043b70
saved_append_1 0x0000000000044400
0x0000000000044400 saved_append_1
0x0000000000043a20 logvprintf
logvprintf .plt.sec
.plt.sec fputs
0x0000000000042d48 logvprintf
logvprintf logflush
0x0000000000043a20 logflush
0x00000000000438f0 logflush
0x0000000000043a20 logflush
0x0000000000043a20 logflush
logflush .plt.sec
.plt.sec _IO_fflush
logflush 0x0000000000043a28
connect_to_one .plt.sec
.plt.sec socket
0x0000000000046c38 connect_to_one
connect_to_one .plt.sec
.plt.sec connect
connect_to_one .plt.sec
.plt.sec gettext
connect_to_one logprintf
0x0000000000046a40 logprintf
0x0000000000043a20 logprintf
0x00000000000438f0 logprintf
0x0000000000043a20 logprintf
logprintf .plt.sec
.plt.sec __nss_database_lookup
logprintf logvprintf
0x0000000000046a00 logvprintf
logvprintf .plt.sec
.plt.sec vsnprintf
logvprintf saved_append
saved_append .plt.sec
.plt.sec __nss_database_lookup
saved_append saved_append_1
0x0000000000044400 saved_append_1
0x0000000000042d4c saved_append_1
0x0000000000043b68 saved_append_1
saved_append_1 .plt.sec
.plt.sec __nss_database_lookup
saved_append_1 .plt.sec
.plt.sec __nss_database_lookup
saved_append_1 0x0000000000043b3b
saved_append_1 0x0000000000043b70
saved_append_1 0x0000000000044400
0x0000000000044400 saved_append_1
0x0000000000042d4c saved_append_1
saved_append_1 0x0000000000042d4c
0x0000000000042d4c saved_append_1
0x0000000000043a20 logvprintf
logvprintf .plt.sec
.plt.sec fputs
0x0000000000042d48 logvprintf
logvprintf logflush
0x0000000000043a20 logflush
0x00000000000438f0 logflush
0x0000000000043a20 logflush
0x0000000000043a20 logflush
logflush .plt.sec
.plt.sec _IO_fflush
logflush 0x0000000000043a28
0x0000000000046be0 connect_to_one
gethttp set_connection_host_name
0x0000000000043938 set_connection_host_name
set_connection_host_name 0x0000000000043938
gethttp address_list_release
0x0000000000046be0 address_list_release
0x0000000000046be0 address_list_release
address_list_release address_list_delete
address_list_delete .plt.sec
.plt.sec free
address_list_delete .plt.sec
.plt.sec free
0x0000000000046bf0 gethttp
0x00000000000438c8 gethttp
gethttp .plt.sec
.plt.sec __nss_database_lookup
0x00000000000438c8 gethttp
gethttp .plt.sec
.plt.sec _IO_sprintf
gethttp search_netrc
0x0000000000046b18 search_netrc
0x0000000000044404 search_netrc
search_netrc home_dir
home_dir .plt.sec
.plt.sec getenv
home_dir xstrdup_real
xstrdup_real .plt.sec
.plt.sec strdup
search_netrc 0x0000000000046c58
search_netrc 0x0000000000044404
search_netrc .plt.sec
.plt.sec __nss_database_lookup
search_netrc .plt.sec
.plt.sec _IO_sprintf
search_netrc .plt.sec
.plt.sec free
search_netrc stat
stat .plt.sec
.plt.sec __xstat
0x0000000000046c58 search_netrc
0x0000000000046b28 gethttp
0x0000000000046b30 gethttp
0x0000000000046b80 gethttp
gethttp scheme_default_port
0x0000000000043868 scheme_default_port
0x0000000000046c40 gethttp
gethttp build_cookies_request
build_cookies_request find_matching_chains
0x0000000000043958 find_matching_chains
gethttp xstrdup_real
xstrdup_real .plt.sec
.plt.sec strdup
gethttp .plt.sec
.plt.sec __nss_database_lookup
gethttp .plt.sec
.plt.sec __nss_database_lookup
gethttp .plt.sec
.plt.sec __nss_database_lookup
gethttp .plt.sec
.plt.sec __nss_database_lookup
gethttp .plt.sec
.plt.sec __nss_database_lookup
0x0000000000046b38 gethttp
0x0000000000046b38 gethttp
gethttp .plt.sec
.plt.sec _IO_sprintf
0x0000000000046be0 gethttp
gethttp .plt.sec
.plt.sec free
gethttp .plt.sec
.plt.sec __nss_database_lookup
gethttp iwrite
0x0000000000046b90 iwrite
0x0000000000046b90 iwrite
iwrite select_fd
select_fd .plt.sec
.plt.sec select
iwrite .plt.sec
.plt.sec __write
gethttp .plt.sec
.plt.sec gettext
gethttp logprintf
0x0000000000046a40 logprintf
0x0000000000043a20 logprintf
0x00000000000438f0 logprintf
0x0000000000043a20 logprintf
logprintf .plt.sec
.plt.sec __nss_database_lookup
logprintf logvprintf
0x0000000000046a00 logvprintf
logvprintf .plt.sec
.plt.sec vsnprintf
logvprintf saved_append
saved_append .plt.sec
.plt.sec __nss_database_lookup
saved_append .plt.sec
.plt.sec __nss_database_lookup
saved_append saved_append_1
0x0000000000044400 saved_append_1
0x0000000000042d4c saved_append_1
0x0000000000042d4c saved_append_1
saved_append_1 free_log_line
0x0000000000043bd0 free_log_line
free_log_line 0x0000000000043bd8
0x0000000000042d4c saved_append_1
saved_append_1 .plt.sec
.plt.sec __nss_database_lookup
saved_append_1 0x0000000000043ba1
saved_append_1 0x0000000000043bd8
saved_append_1 0x0000000000044400
0x0000000000044400 saved_append_1
0x0000000000043a20 logvprintf
logvprintf .plt.sec
.plt.sec fputs
0x0000000000042d48 logvprintf
logvprintf logflush
0x0000000000043a20 logflush
0x00000000000438f0 logflush
0x0000000000043a20 logflush
0x0000000000043a20 logflush
logflush .plt.sec
.plt.sec _IO_fflush
logflush 0x0000000000043a28
gethttp rbuf_initialize
gethttp header_get
header_get xmalloc_real
xmalloc_real .plt.sec
.plt.sec __libc_malloc
header_get rbuf_read_bufferful
rbuf_read_bufferful iread
0x0000000000046b90 iread
0x0000000000046b90 iread
iread select_fd
select_fd .plt.sec
.plt.sec select
iread .plt.sec
.plt.sec __read
0x0000000000046be0 header_get
0x0000000000046bdc gethttp
gethttp parse_http_status_line
parse_http_status_line .plt.sec
.plt.sec __nss_database_lookup
0x0000000000039c22 parse_http_status_line
0x0000000000039c1c parse_http_status_line
0x0000000000039c22 parse_http_status_line
0x0000000000039c00 parse_http_status_line
0x0000000000039c24 parse_http_status_line
0x0000000000039c20 parse_http_status_line
0x0000000000039c20 parse_http_status_line
gethttp xstrdup_real
xstrdup_real .plt.sec
.plt.sec strdup
0x0000000000046be0 gethttp
0x0000000000046bd8 gethttp
gethttp logprintf
0x0000000000046a40 logprintf
0x0000000000043a20 logprintf
0x00000000000438f0 logprintf
0x0000000000043a20 logprintf
logprintf .plt.sec
.plt.sec __nss_database_lookup
logprintf logvprintf
0x0000000000046a00 logvprintf
logvprintf .plt.sec
.plt.sec vsnprintf
logvprintf saved_append
saved_append .plt.sec
.plt.sec __nss_database_lookup
saved_append .plt.sec
.plt.sec __nss_database_lookup
saved_append saved_append_1
0x0000000000044400 saved_append_1
0x0000000000042d4c saved_append_1
0x0000000000043bd0 saved_append_1
saved_append_1 .plt.sec
.plt.sec __nss_database_lookup
saved_append_1 .plt.sec
.plt.sec __nss_database_lookup
saved_append_1 0x0000000000043ba7
saved_append_1 0x0000000000043bd8
saved_append_1 0x0000000000044400
0x0000000000044400 saved_append_1
0x0000000000043a20 logvprintf
logvprintf .plt.sec
.plt.sec fputs
0x0000000000042d48 logvprintf
logvprintf logflush
0x0000000000043a20 logflush
0x00000000000438f0 logflush
0x0000000000043a20 logflush
0x0000000000043a20 logflush
logflush .plt.sec
.plt.sec _IO_fflush
logflush 0x0000000000043a28
gethttp .plt.sec
.plt.sec free
gethttp header_get
header_get xmalloc_real
xmalloc_real .plt.sec
.plt.sec __libc_malloc
header_get rbuf_peek
0x0000000000046be0 header_get
0x0000000000046bdc gethttp
0x0000000000046bd8 gethttp
0x0000000000046a54 gethttp
gethttp header_process
0x0000000000036250 header_process
0x0000000000036250 header_process
0x0000000000039e03 header_process
0x0000000000039e03 header_process
0x0000000000036251 header_process
0x0000000000036251 header_process
0x0000000000039e2f header_process
0x0000000000039e2f header_process
0x0000000000036252 header_process
0x0000000000036252 header_process
0x0000000000039e2e header_process
0x0000000000039e2e header_process
0x0000000000036253 header_process
0x0000000000036253 header_process
0x0000000000039e34 header_process
0x0000000000039e2e header_process
0x0000000000036253 header_process
gethttp header_process
0x000000000003625f header_process
0x000000000003625f header_process
0x0000000000039e03 header_process
0x0000000000039e03 header_process
0x0000000000036260 header_process
0x0000000000036260 header_process
0x0000000000039e2f header_process
0x0000000000039e2f header_process
0x0000000000036261 header_process
0x0000000000036261 header_process
0x0000000000039e2e header_process
0x0000000000039e2e header_process
0x0000000000036262 header_process
0x0000000000036262 header_process
0x0000000000039e34 header_process
0x0000000000039e2e header_process
0x0000000000036262 header_process
gethttp header_process
0x000000000003626c header_process
0x000000000003626c header_process
0x0000000000039e0c header_process
0x0000000000039e03 header_process
0x000000000003626c header_process
gethttp header_process
0x0000000000036275 header_process
0x0000000000036275 header_process
0x0000000000039e0c header_process
0x0000000000039e03 header_process
0x0000000000036275 header_process
0x0000000000046c40 gethttp
gethttp header_process
0x0000000000036283 header_process
0x0000000000036283 header_process
0x0000000000039e13 header_process
0x0000000000039e03 header_process
0x0000000000036283 header_process
gethttp header_process
0x000000000003628e header_process
0x000000000003628e header_process
0x0000000000039e17 header_process
0x0000000000039e03 header_process
0x000000000003628e header_process
gethttp header_process
0x000000000003629f header_process
0x000000000003629f header_process
0x0000000000039e01 header_process
0x0000000000039e03 header_process
0x000000000003629f header_process
gethttp header_process
0x00000000000362ad header_process
0x00000000000362ad header_process
0x0000000000039e03 header_process
0x0000000000039e03 header_process
0x00000000000362ae header_process
0x00000000000362ae header_process
0x0000000000039e2f header_process
0x0000000000039e2f header_process
0x00000000000362af header_process
0x00000000000362af header_process
0x0000000000039e2e header_process
0x0000000000039e2e header_process
0x00000000000362b0 header_process
0x00000000000362b0 header_process
0x0000000000039e34 header_process
0x0000000000039e2e header_process
0x00000000000362b0 header_process
gethttp .plt.sec
.plt.sec free
gethttp header_get
header_get xmalloc_real
xmalloc_real .plt.sec
.plt.sec __libc_malloc
header_get rbuf_peek
0x0000000000046be0 header_get
0x0000000000046bdc gethttp
0x0000000000046bd8 gethttp
0x0000000000046a54 gethttp
gethttp header_process
0x0000000000036250 header_process
0x0000000000036250 header_process
0x0000000000039e03 header_process
0x0000000000039e03 header_process
0x0000000000036251 header_process
0x0000000000036251 header_process
0x0000000000039e2f header_process
0x0000000000039e2f header_process
0x0000000000036252 header_process
0x0000000000036252 header_process
0x0000000000039e2e header_process
0x0000000000039e2e header_process
0x0000000000036253 header_process
0x0000000000036253 header_process
0x0000000000039e34 header_process
0x0000000000039e34 header_process
0x0000000000036254 header_process
0x0000000000036254 header_process
0x0000000000039e25 header_process
0x0000000000039e25 header_process
0x0000000000036255 header_process
0x0000000000036255 header_process
0x0000000000039e2e header_process
0x0000000000039e2e header_process
0x0000000000036256 header_process
0x0000000000036256 header_process
0x0000000000039e34 header_process
0x0000000000039e34 header_process
0x0000000000036257 header_process
0x0000000000036257 header_process
0x0000000000039ded header_process
0x0000000000039ded header_process
0x0000000000036258 header_process
0x0000000000036258 header_process
0x0000000000039e0c header_process
0x0000000000039e14 header_process
0x0000000000036258 header_process
gethttp header_process
0x000000000003625f header_process
0x000000000003625f header_process
0x0000000000039e03 header_process
0x0000000000039e03 header_process
0x0000000000036260 header_process
0x0000000000036260 header_process
0x0000000000039e2f header_process
0x0000000000039e2f header_process
0x0000000000036261 header_process
0x0000000000036261 header_process
0x0000000000039e2e header_process
0x0000000000039e2e header_process
0x0000000000036262 header_process
0x0000000000036262 header_process
0x0000000000039e34 header_process
0x0000000000039e34 header_process
0x0000000000036263 header_process
0x0000000000036263 header_process
0x0000000000039e25 header_process
0x0000000000039e25 header_process
0x0000000000036264 header_process
0x0000000000036264 header_process
0x0000000000039e2e header_process
0x0000000000039e2e header_process
0x0000000000036265 header_process
0x0000000000036265 header_process
0x0000000000039e34 header_process
0x0000000000039e34 header_process
0x0000000000036266 header_process
0x0000000000036266 header_process
0x0000000000039ded header_process
0x0000000000039ded header_process
0x0000000000036267 header_process
0x0000000000036267 header_process
0x0000000000039e14 header_process
0x0000000000039e14 header_process
0x0000000000036268 header_process
0x0000000000036268 header_process
0x0000000000039e39 header_process
0x0000000000039e39 header_process
0x0000000000036269 header_process
0x0000000000036269 header_process
0x0000000000039e30 header_process
0x0000000000039e30 header_process
0x000000000003626a header_process
0x000000000003626a header_process
0x0000000000039e25 header_process
0x0000000000039e25 header_process
0x000000000003626b header_process
0x000000000003626b header_process
header_process skip_lws
header_process http_process_type
http_process_type .plt.sec
.plt.sec __nss_database_lookup
http_process_type .plt.sec
.plt.sec __nss_database_lookup
0x0000000000039c98 http_process_type
http_process_type strdupdelim
strdupdelim xmalloc_real
xmalloc_real .plt.sec
.plt.sec __libc_malloc
strdupdelim .plt.sec
.plt.sec __nss_database_lookup
gethttp .plt.sec
.plt.sec free
gethttp header_get
header_get xmalloc_real
xmalloc_real .plt.sec
.plt.sec __libc_malloc
header_get rbuf_peek
0x0000000000046be0 header_get
0x0000000000046bdc gethttp
0x0000000000046bd8 gethttp
0x0000000000046a54 gethttp
gethttp header_process
0x0000000000036250 header_process
0x0000000000036250 header_process
0x0000000000039e03 header_process
0x0000000000039e04 header_process
0x0000000000036250 header_process
gethttp header_process
0x000000000003626c header_process
0x000000000003626c header_process
0x0000000000039e0c header_process
0x0000000000039e04 header_process
0x000000000003626c header_process
gethttp header_process
0x0000000000036275 header_process
0x0000000000036275 header_process
0x0000000000039e0c header_process
0x0000000000039e04 header_process
0x0000000000036275 header_process
0x0000000000046c40 gethttp
gethttp header_process
0x0000000000036283 header_process
0x0000000000036283 header_process
0x0000000000039e13 header_process
0x0000000000039e04 header_process
0x0000000000036283 header_process
gethttp header_process
0x000000000003628e header_process
0x000000000003628e header_process
0x0000000000039e17 header_process
0x0000000000039e04 header_process
0x000000000003628e header_process
gethttp header_process
0x000000000003629f header_process
0x000000000003629f header_process
0x0000000000039e01 header_process
0x0000000000039e04 header_process
0x000000000003629f header_process
gethttp header_process
0x00000000000362ad header_process
0x00000000000362ad header_process
0x0000000000039e03 header_process
0x0000000000039e04 header_process
0x00000000000362ad header_process
gethttp .plt.sec
.plt.sec free
gethttp header_get
header_get xmalloc_real
xmalloc_real .plt.sec
.plt.sec __libc_malloc
header_get rbuf_peek
0x0000000000046be0 header_get
0x0000000000046bdc gethttp
0x0000000000046bd8 gethttp
0x0000000000046a54 gethttp
gethttp header_process
0x0000000000036250 header_process
0x0000000000036250 header_process
0x0000000000039e03 header_process
0x0000000000039e13 header_process
0x0000000000036250 header_process
gethttp header_process
0x000000000003626c header_process
0x000000000003626c header_process
0x0000000000039e0c header_process
0x0000000000039e13 header_process
0x000000000003626c header_process
gethttp header_process
0x0000000000036275 header_process
0x0000000000036275 header_process
0x0000000000039e0c header_process
0x0000000000039e13 header_process
0x0000000000036275 header_process
0x0000000000046c40 gethttp
gethttp header_process
0x0000000000036283 header_process
0x0000000000036283 header_process
0x0000000000039e13 header_process
0x0000000000039e13 header_process
0x0000000000036284 header_process
0x0000000000036284 header_process
0x0000000000039e25 header_process
0x0000000000039e25 header_process
0x0000000000036285 header_process
0x0000000000036285 header_process
0x0000000000039e34 header_process
0x0000000000039e32 header_process
0x0000000000036285 header_process
gethttp header_process
0x000000000003628e header_process
0x000000000003628e header_process
0x0000000000039e17 header_process
0x0000000000039e13 header_process
0x000000000003628e header_process
gethttp header_process
0x000000000003629f header_process
0x000000000003629f header_process
0x0000000000039e01 header_process
0x0000000000039e13 header_process
0x000000000003629f header_process
gethttp header_process
0x00000000000362ad header_process
0x00000000000362ad header_process
0x0000000000039e03 header_process
0x0000000000039e13 header_process
0x00000000000362ad header_process
gethttp .plt.sec
.plt.sec free
gethttp header_get
header_get xmalloc_real
xmalloc_real .plt.sec
.plt.sec __libc_malloc
0x0000000000046be0 header_get
0x0000000000046bdc gethttp
gethttp .plt.sec
.plt.sec free
gethttp logputs
0x0000000000046a40 logputs
0x0000000000043a20 logputs
0x00000000000438f0 logputs
0x0000000000043a20 logputs
0x0000000000043a20 logputs
logputs .plt.sec
.plt.sec fputs
0x0000000000046a00 logputs
logputs saved_append
0x00000000000361bf saved_append
saved_append .plt.sec
.plt.sec __nss_database_lookup
saved_append saved_append_1
0x0000000000044400 saved_append_1
0x0000000000042d4c saved_append_1
0x0000000000043bd0 saved_append_1
saved_append_1 .plt.sec
.plt.sec __nss_database_lookup
saved_append_1 .plt.sec
.plt.sec __nss_database_lookup
saved_append_1 0x0000000000043ba8
saved_append_1 0x0000000000043bd8
0x00000000000361bf saved_append_1
saved_append_1 0x0000000000044400
0x0000000000044400 saved_append_1
0x0000000000042d4c saved_append_1
saved_append_1 0x0000000000042d4c
0x0000000000042d4c saved_append_1
0x00000000000361c0 saved_append
0x0000000000042d48 logputs
logputs logflush
0x0000000000043a20 logflush
0x00000000000438f0 logflush
0x0000000000043a20 logflush
0x0000000000043a20 logflush
logflush .plt.sec
.plt.sec _IO_fflush
logflush 0x0000000000043a28
gethttp .plt.sec
.plt.sec __nss_database_lookup
0x0000000000046c2c gethttp
0x0000000000046b00 gethttp
0x0000000000046a40 gethttp
0x0000000000046bd8 gethttp
gethttp .plt.sec
.plt.sec gettext
gethttp logputs
0x0000000000046a40 logputs
0x0000000000043a20 logputs
0x00000000000438f0 logputs
0x0000000000043a20 logputs
0x0000000000043a20 logputs
logputs .plt.sec
.plt.sec fputs
0x0000000000046a00 logputs
logputs saved_append
0x000000000003640f saved_append
saved_append .plt.sec
.plt.sec __nss_database_lookup
saved_append .plt.sec
.plt.sec __nss_database_lookup
saved_append saved_append_1
0x0000000000044400 saved_append_1
0x0000000000042d4c saved_append_1
0x0000000000042d4c saved_append_1
saved_append_1 free_log_line
0x0000000000043c38 free_log_line
free_log_line 0x0000000000043c40
0x0000000000042d4c saved_append_1
saved_append_1 .plt.sec
.plt.sec __nss_database_lookup
saved_append_1 0x0000000000043be8
saved_append_1 0x0000000000043c40
0x0000000000036416 saved_append_1
saved_append_1 0x0000000000044400
0x0000000000044400 saved_append_1
0x0000000000036417 saved_append
0x0000000000042d48 logputs
logputs logflush
0x0000000000043a20 logflush
0x00000000000438f0 logflush
0x0000000000043a20 logflush
0x0000000000043a20 logflush
logflush .plt.sec
.plt.sec _IO_fflush
logflush 0x0000000000043a28
0x0000000000046a54 gethttp
gethttp .plt.sec
.plt.sec gettext
gethttp logputs
0x0000000000046a40 logputs
0x0000000000043a20 logputs
0x00000000000438f0 logputs
0x0000000000043a20 logputs
0x0000000000043a20 logputs
logputs .plt.sec
.plt.sec fputs
0x0000000000046a00 logputs
logputs saved_append
0x000000000003632b saved_append
saved_append .plt.sec
.plt.sec __nss_database_lookup
saved_append .plt.sec
.plt.sec __nss_database_lookup
saved_append saved_append_1
0x0000000000044400 saved_append_1
0x0000000000042d4c saved_append_1
0x0000000000043c38 saved_append_1
saved_append_1 .plt.sec
.plt.sec __nss_database_lookup
saved_append_1 .plt.sec
.plt.sec __nss_database_lookup
saved_append_1 0x0000000000043bf3
saved_append_1 0x0000000000043c40
0x0000000000036335 saved_append_1
saved_append_1 0x0000000000044400
0x0000000000044400 saved_append_1
0x0000000000036336 saved_append
0x0000000000042d48 logputs
logputs logflush
0x0000000000043a20 logflush
0x00000000000438f0 logflush
0x0000000000043a20 logflush
0x0000000000043a20 logflush
logflush .plt.sec
.plt.sec _IO_fflush
logflush 0x0000000000043a28
gethttp logprintf
0x0000000000046a40 logprintf
0x0000000000043a20 logprintf
0x00000000000438f0 logprintf
0x0000000000043a20 logprintf
logprintf .plt.sec
.plt.sec __nss_database_lookup
logprintf logvprintf
0x0000000000046a00 logvprintf
logvprintf .plt.sec
.plt.sec vsnprintf
logvprintf saved_append
saved_append .plt.sec
.plt.sec __nss_database_lookup
saved_append saved_append_1
0x0000000000044400 saved_append_1
0x0000000000042d4c saved_append_1
0x0000000000043c38 saved_append_1
saved_append_1 .plt.sec
.plt.sec __nss_database_lookup
saved_append_1 .plt.sec
.plt.sec __nss_database_lookup
saved_append_1 0x0000000000043c00
saved_append_1 0x0000000000043c40
saved_append_1 0x0000000000044400
0x0000000000044400 saved_append_1
0x0000000000042d4c saved_append_1
saved_append_1 0x0000000000042d4c
0x0000000000042d4c saved_append_1
0x0000000000043a20 logvprintf
logvprintf .plt.sec
.plt.sec fputs
0x0000000000042d48 logvprintf
logvprintf logflush
0x0000000000043a20 logflush
0x00000000000438f0 logflush
0x0000000000043a20 logflush
0x0000000000043a20 logflush
logflush .plt.sec
.plt.sec _IO_fflush
logflush 0x0000000000043a28
gethttp .plt.sec
.plt.sec free
0x0000000000046af8 gethttp
gethttp mkalldirs
mkalldirs .plt.sec
.plt.sec __nss_database_lookup
0x0000000000046bec gethttp
gethttp .plt.sec
.plt.sec _IO_fopen
0x0000000000046bdc gethttp
gethttp get_contents
get_contents wtimer_allocate
wtimer_allocate xmalloc_real
xmalloc_real .plt.sec
.plt.sec __libc_malloc
0x0000000000046a40 get_contents
get_contents progress_create
0x0000000000044414 progress_create
0x0000000000044408 progress_create
0x00000000000437b0 progress_create
progress_create bar_create
bar_create xmalloc_real
xmalloc_real .plt.sec
.plt.sec __libc_malloc
bar_create .plt.sec
.plt.sec __nss_database_lookup
0x0000000000043760 bar_create
bar_create xmalloc_real
xmalloc_real .plt.sec
.plt.sec __libc_malloc
bar_create logputs
0x0000000000046a40 logputs
0x0000000000043a20 logputs
0x00000000000438f0 logputs
0x0000000000043a20 logputs
0x0000000000043a20 logputs
logputs .plt.sec
.plt.sec fputs
0x0000000000046a00 logputs
logputs saved_append
0x0000000000039222 saved_append
saved_append .plt.sec
.plt.sec __nss_database_lookup
saved_append saved_append_1
0x0000000000044400 saved_append_1
0x0000000000042d4c saved_append_1
0x0000000000042d4c saved_append_1
saved_append_1 free_log_line
0x0000000000043ca0 free_log_line
free_log_line 0x0000000000043ca8
0x0000000000042d4c saved_append_1
saved_append_1 .plt.sec
.plt.sec __nss_database_lookup
saved_append_1 0x0000000000043c49
saved_append_1 0x0000000000043ca8
0x0000000000039222 saved_append_1
saved_append_1 0x0000000000044400
0x0000000000044400 saved_append_1
0x0000000000042d4c saved_append_1
saved_append_1 0x0000000000042d4c
0x0000000000042d4c saved_append_1
0x0000000000039223 saved_append
0x0000000000042d48 logputs
logputs logflush
0x0000000000043a20 logflush
0x00000000000438f0 logflush
0x0000000000043a20 logflush
0x0000000000043a20 logflush
logflush .plt.sec
.plt.sec _IO_fflush
logflush 0x0000000000043a28
bar_create create_image
create_image legible
legible long_to_string
legible legible_1
legible_1 .plt.sec
.plt.sec __nss_database_lookup
legible_1 0x0000000000046900
legible_1 0x0000000000046901
create_image .plt.sec
.plt.sec __nss_database_lookup
create_image .plt.sec
.plt.sec __nss_database_lookup
create_image legible
legible long_to_string
legible legible_1
legible_1 .plt.sec
.plt.sec __nss_database_lookup
legible_1 0x0000000000046900
legible_1 0x0000000000046901
create_image .plt.sec
.plt.sec _IO_sprintf
create_image .plt.sec
.plt.sec __nss_database_lookup
create_image .plt.sec
.plt.sec __nss_database_lookup
bar_create display_image
display_image logputs
0x0000000000046a40 logputs
0x0000000000043a20 logputs
0x00000000000438f0 logputs
0x0000000000043a20 logputs
0x0000000000043a20 logputs
logputs .plt.sec
.plt.sec fputs
0x0000000000046a00 logputs
logputs saved_append
0x00000000000392c5 saved_append
saved_append .plt.sec
.plt.sec __nss_database_lookup
saved_append .plt.sec
.plt.sec __nss_database_lookup
saved_append saved_append_1
0x0000000000044400 saved_append_1
0x0000000000042d4c saved_append_1
0x0000000000042d4c saved_append_1
saved_append_1 free_log_line
0x0000000000043d08 free_log_line
free_log_line 0x0000000000043d10
0x0000000000042d4c saved_append_1
saved_append_1 .plt.sec
.plt.sec __nss_database_lookup
saved_append_1 0x0000000000043cb1
saved_append_1 0x0000000000043d10
0x00000000000392c5 saved_append_1
saved_append_1 0x0000000000044400
0x0000000000044400 saved_append_1
0x00000000000392c6 saved_append
0x0000000000042d48 logputs
logputs logflush
0x0000000000043a20 logflush
0x00000000000438f0 logflush
0x0000000000043a20 logflush
0x0000000000043a20 logflush
logflush .plt.sec
.plt.sec _IO_fflush
logflush 0x0000000000043a28
display_image logputs
0x0000000000046a40 logputs
0x0000000000043a20 logputs
0x00000000000438f0 logputs
0x0000000000043a20 logputs
0x0000000000043a20 logputs
logputs .plt.sec
.plt.sec fputs
0x0000000000046a00 logputs
logputs saved_append
saved_append .plt.sec
.plt.sec __nss_database_lookup
saved_append .plt.sec
.plt.sec __nss_database_lookup
saved_append saved_append_1
0x0000000000044400 saved_append_1
0x0000000000042d4c saved_append_1
0x0000000000043d08 saved_append_1
saved_append_1 .plt.sec
.plt.sec __nss_database_lookup
saved_append_1 xmalloc_real
xmalloc_real .plt.sec
.plt.sec __libc_malloc
saved_append_1 0x0000000000043d08
0x0000000000043d08 saved_append_1
saved_append_1 .plt.sec
.plt.sec __nss_database_lookup
0x0000000000043d08 saved_append_1
saved_append_1 .plt.sec
.plt.sec __nss_database_lookup
0x0000000000043d08 saved_append_1
0x0000000000043d08 saved_append_1
saved_append_1 0x0000000000043d10
saved_append_1 0x0000000000044400
0x0000000000044400 saved_append_1
0x0000000000042d48 logputs
logputs logflush
0x0000000000043a20 logflush
0x00000000000438f0 logflush
0x0000000000043a20 logflush
0x0000000000043a20 logflush
logflush .plt.sec
.plt.sec _IO_fflush
logflush 0x0000000000043a28
get_contents rbuf_flush
get_contents .plt.sec
.plt.sec _IO_ferror
0x0000000000046a40 get_contents
get_contents progress_update
0x0000000000044408 progress_update
0x00000000000437b8 progress_update
progress_update bar_update
0x0000000000043760 bar_update
0x0000000000046bb8 get_contents
get_contents wtimer_reset
wtimer_reset .plt.sec
.plt.sec __vdso_gettimeofday
get_contents iread
0x0000000000046b90 iread
0x0000000000046b90 iread
iread select_fd
select_fd .plt.sec
.plt.sec select
iread .plt.sec
.plt.sec __read
get_contents .plt.sec
.plt.sec _IO_printf
get_contents .plt.sec
.plt.sec fwrite
get_contents .plt.sec
.plt.sec _IO_fflush
get_contents .plt.sec
.plt.sec _IO_ferror
get_contents wtimer_elapsed
wtimer_elapsed .plt.sec
.plt.sec __vdso_gettimeofday
0x0000000000046bb8 get_contents
0x0000000000046a40 get_contents
get_contents progress_update
0x0000000000044408 progress_update
0x00000000000437b8 progress_update
progress_update bar_update
0x0000000000043760 bar_update
get_contents iread
0x0000000000046b90 iread
0x0000000000046b90 iread
iread select_fd
select_fd .plt.sec
.plt.sec select
iread .plt.sec
.plt.sec __read
get_contents .plt.sec
.plt.sec _IO_printf
0x0000000000046a40 get_contents
get_contents progress_finish
0x0000000000044408 progress_finish
0x00000000000437c0 progress_finish
progress_finish bar_finish
bar_finish create_image
create_image legible
legible long_to_string
legible legible_1
legible_1 .plt.sec
.plt.sec __nss_database_lookup
legible_1 0x0000000000046900
legible_1 0x0000000000046901
legible_1 0x0000000000046902
legible_1 0x0000000000046903
legible_1 0x0000000000046904
legible_1 0x0000000000046905
create_image .plt.sec
.plt.sec __nss_database_lookup
create_image .plt.sec
.plt.sec __nss_database_lookup
create_image legible
legible long_to_string
legible legible_1
legible_1 .plt.sec
.plt.sec __nss_database_lookup
legible_1 0x0000000000046900
legible_1 0x0000000000046901
legible_1 0x0000000000046902
legible_1 0x0000000000046903
legible_1 0x0000000000046904
legible_1 0x0000000000046905
create_image .plt.sec
.plt.sec _IO_sprintf
create_image .plt.sec
.plt.sec __nss_database_lookup
create_image calc_rate
0x0000000000039b88 calc_rate
0x0000000000039b90 calc_rate
0x0000000000039b98 calc_rate
0x0000000000039b90 calc_rate
0x00000000000437e8 create_image
create_image .plt.sec
.plt.sec _IO_sprintf
create_image .plt.sec
.plt.sec __nss_database_lookup
bar_finish display_image
display_image logputs
0x0000000000046a40 logputs
0x0000000000043a20 logputs
0x00000000000438f0 logputs
0x0000000000043a20 logputs
0x0000000000043a20 logputs
logputs .plt.sec
.plt.sec fputs
0x0000000000046a00 logputs
logputs saved_append
0x00000000000392c5 saved_append
saved_append .plt.sec
.plt.sec __nss_database_lookup
saved_append .plt.sec
.plt.sec __nss_database_lookup
saved_append saved_append_1
0x0000000000044400 saved_append_1
0x0000000000042d4c saved_append_1
0x0000000000043d08 saved_append_1
0x0000000000043d08 saved_append_1
saved_append_1 .plt.sec
.plt.sec __nss_database_lookup
0x0000000000043d08 saved_append_1
saved_append_1 xrealloc_real
xrealloc_real .plt.sec
.plt.sec realloc
saved_append_1 0x0000000000043d08
0x0000000000043d08 saved_append_1
saved_append_1 .plt.sec
.plt.sec __nss_database_lookup
0x0000000000043d08 saved_append_1
0x0000000000043d08 saved_append_1
saved_append_1 0x0000000000043d10
0x00000000000392c5 saved_append_1
saved_append_1 0x0000000000044400
0x0000000000044400 saved_append_1
0x00000000000392c6 saved_append
0x0000000000042d48 logputs
logputs logflush
0x0000000000043a20 logflush
0x00000000000438f0 logflush
0x0000000000043a20 logflush
0x0000000000043a20 logflush
logflush .plt.sec
.plt.sec _IO_fflush
logflush 0x0000000000043a28
display_image logputs
0x0000000000046a40 logputs
0x0000000000043a20 logputs
0x00000000000438f0 logputs
0x0000000000043a20 logputs
0x0000000000043a20 logputs
logputs .plt.sec
.plt.sec fputs
0x0000000000046a00 logputs
logputs saved_append
saved_append .plt.sec
.plt.sec __nss_database_lookup
saved_append .plt.sec
.plt.sec __nss_database_lookup
saved_append saved_append_1
0x0000000000044400 saved_append_1
0x0000000000042d4c saved_append_1
0x0000000000043d08 saved_append_1
0x0000000000043d08 saved_append_1
saved_append_1 .plt.sec
.plt.sec __nss_database_lookup
0x0000000000043d08 saved_append_1
saved_append_1 xrealloc_real
xrealloc_real .plt.sec
.plt.sec realloc
saved_append_1 0x0000000000043d08
0x0000000000043d08 saved_append_1
saved_append_1 .plt.sec
.plt.sec __nss_database_lookup
0x0000000000043d08 saved_append_1
0x0000000000043d08 saved_append_1
saved_append_1 0x0000000000043d10
saved_append_1 0x0000000000044400
0x0000000000044400 saved_append_1
0x0000000000042d48 logputs
logputs logflush
0x0000000000043a20 logflush
0x00000000000438f0 logflush
0x0000000000043a20 logflush
0x0000000000043a20 logflush
logflush .plt.sec
.plt.sec _IO_fflush
logflush 0x0000000000043a28
bar_finish logputs
0x0000000000046a40 logputs
0x0000000000043a20 logputs
0x00000000000438f0 logputs
0x0000000000043a20 logputs
0x0000000000043a20 logputs
logputs .plt.sec
.plt.sec fputs
0x0000000000046a00 logputs
logputs saved_append
0x00000000000391cc saved_append
saved_append .plt.sec
.plt.sec __nss_database_lookup
saved_append saved_append_1
0x0000000000044400 saved_append_1
0x0000000000042d4c saved_append_1
0x0000000000043d08 saved_append_1
0x0000000000043d08 saved_append_1
saved_append_1 .plt.sec
.plt.sec __nss_database_lookup
0x0000000000043d08 saved_append_1
saved_append_1 xrealloc_real
xrealloc_real .plt.sec
.plt.sec realloc
saved_append_1 0x0000000000043d08
0x0000000000043d08 saved_append_1
saved_append_1 .plt.sec
.plt.sec __nss_database_lookup
0x0000000000043d08 saved_append_1
0x0000000000043d08 saved_append_1
saved_append_1 0x0000000000043d10
0x00000000000391cc saved_append_1
saved_append_1 0x0000000000044400
0x0000000000044400 saved_append_1
0x0000000000042d4c saved_append_1
saved_append_1 0x0000000000042d4c
0x0000000000042d4c saved_append_1
0x00000000000391cd saved_append
saved_append .plt.sec
.plt.sec __nss_database_lookup
saved_append saved_append_1
0x0000000000044400 saved_append_1
0x0000000000042d4c saved_append_1
0x0000000000042d4c saved_append_1
saved_append_1 free_log_line
0x0000000000043d70 free_log_line
free_log_line 0x0000000000043d78
0x0000000000042d4c saved_append_1
saved_append_1 .plt.sec
.plt.sec __nss_database_lookup
saved_append_1 0x0000000000043d19
saved_append_1 0x0000000000043d78
0x00000000000391cd saved_append_1
saved_append_1 0x0000000000044400
0x0000000000044400 saved_append_1
0x0000000000042d4c saved_append_1
saved_append_1 0x0000000000042d4c
0x0000000000042d4c saved_append_1
0x00000000000391ce saved_append
0x0000000000042d48 logputs
logputs logflush
0x0000000000043a20 logflush
0x00000000000438f0 logflush
0x0000000000043a20 logflush
0x0000000000043a20 logflush
logflush .plt.sec
.plt.sec _IO_fflush
logflush 0x0000000000043a28
bar_finish .plt.sec
.plt.sec free
bar_finish .plt.sec
.plt.sec free
get_contents wtimer_delete
wtimer_delete .plt.sec
.plt.sec free
0x0000000000046af8 gethttp
gethttp .plt.sec
.plt.sec _IO_fclose
gethttp .plt.sec
.plt.sec __close
0x0000000000046be0 gethttp
0x00000000000439e4 gethttp
0x0000000000046ae8 http_loop
http_loop time_str
time_str .plt.sec
.plt.sec __vdso_time
time_str .plt.sec
.plt.sec localtime
time_str .plt.sec
.plt.sec _IO_sprintf
0x0000000000036894 http_loop
0x0000000000046be4 http_loop
0x0000000000046a9c http_loop
http_loop retr_rate
retr_rate calc_rate
0x0000000000039b88 calc_rate
0x0000000000039b90 calc_rate
0x0000000000039b98 calc_rate
0x0000000000039b90 calc_rate
0x0000000000043828 retr_rate
retr_rate .plt.sec
.plt.sec _IO_sprintf
http_loop .plt.sec
.plt.sec gettext
http_loop logprintf
0x0000000000046a40 logprintf
0x0000000000043a20 logprintf
0x00000000000438f0 logprintf
0x0000000000043a20 logprintf
logprintf .plt.sec
.plt.sec __nss_database_lookup
logprintf logvprintf
0x0000000000046a00 logvprintf
logvprintf .plt.sec
.plt.sec vsnprintf
logvprintf saved_append
saved_append .plt.sec
.plt.sec __nss_database_lookup
saved_append saved_append_1
0x0000000000044400 saved_append_1
0x0000000000042d4c saved_append_1
0x0000000000042d4c saved_append_1
saved_append_1 free_log_line
0x0000000000043dd8 free_log_line
free_log_line 0x0000000000043de0
0x0000000000042d4c saved_append_1
saved_append_1 .plt.sec
.plt.sec __nss_database_lookup
saved_append_1 0x0000000000043db3
saved_append_1 0x0000000000043de0
saved_append_1 0x0000000000044400
0x0000000000044400 saved_append_1
0x0000000000042d4c saved_append_1
saved_append_1 0x0000000000042d4c
0x0000000000042d4c saved_append_1
saved_append .plt.sec
.plt.sec __nss_database_lookup
saved_append saved_append_1
0x0000000000044400 saved_append_1
0x0000000000042d4c saved_append_1
0x0000000000042d4c saved_append_1
saved_append_1 free_log_line
0x0000000000043e40 free_log_line
free_log_line 0x0000000000043e48
0x0000000000042d4c saved_append_1
saved_append_1 .plt.sec
.plt.sec __nss_database_lookup
saved_append_1 0x0000000000043de9
saved_append_1 0x0000000000043e48
saved_append_1 0x0000000000044400
0x0000000000044400 saved_append_1
0x0000000000042d4c saved_append_1
saved_append_1 0x0000000000042d4c
0x0000000000042d4c saved_append_1
0x0000000000043a20 logvprintf
logvprintf .plt.sec
.plt.sec fputs
0x0000000000042d48 logvprintf
logvprintf logflush
0x0000000000043a20 logflush
0x00000000000438f0 logflush
0x0000000000043a20 logflush
0x0000000000043a20 logflush
logflush .plt.sec
.plt.sec _IO_fflush
logflush 0x0000000000043a28
http_loop logprintf
0x0000000000046a40 logprintf
0x0000000000046bd4 http_loop
http_loop 0x0000000000046bd4
http_loop downloaded_increase
0x0000000000046bd0 downloaded_increase
0x0000000000046bc8 downloaded_increase
0x0000000000046bc8 downloaded_increase
downloaded_increase 0x0000000000046bc8
0x0000000000046bc8 downloaded_increase
http_loop downloaded_file
0x0000000000046480 downloaded_file
downloaded_file make_string_hash_table
make_string_hash_table hash_table_new
hash_table_new xmalloc_real
xmalloc_real .plt.sec
.plt.sec __libc_malloc
hash_table_new prime_size
0x0000000000035840 prime_size
0x0000000000035840 prime_size
hash_table_new xmalloc_real
xmalloc_real .plt.sec
.plt.sec __libc_malloc
hash_table_new .plt.sec
.plt.sec __nss_database_lookup
downloaded_file 0x0000000000046480
0x0000000000046480 downloaded_file
downloaded_file hash_table_get
hash_table_get find_mapping
find_mapping string_hash
downloaded_file downloaded_mode_to_ptr
downloaded_file xstrdup_real
xstrdup_real .plt.sec
.plt.sec strdup
0x0000000000046480 downloaded_file
downloaded_file hash_table_put
hash_table_put string_hash
http_loop free_hstat
free_hstat .plt.sec
.plt.sec free
retrieve_url url_free
url_free .plt.sec
.plt.sec free
url_free .plt.sec
.plt.sec free
url_free .plt.sec
.plt.sec free
url_free .plt.sec
.plt.sec free
url_free .plt.sec
.plt.sec free
url_free .plt.sec
.plt.sec free
retrieve_url register_download
0x0000000000044418 register_download
register_download make_string_hash_table
make_string_hash_table hash_table_new
hash_table_new xmalloc_real
xmalloc_real .plt.sec
.plt.sec __libc_malloc
hash_table_new prime_size
0x0000000000035840 prime_size
0x0000000000035840 prime_size
hash_table_new xmalloc_real
xmalloc_real .plt.sec
.plt.sec __libc_malloc
hash_table_new .plt.sec
.plt.sec __nss_database_lookup
register_download 0x0000000000044418
0x0000000000044420 register_download
register_download make_string_hash_table
make_string_hash_table hash_table_new
hash_table_new xmalloc_real
xmalloc_real .plt.sec
.plt.sec __libc_malloc
hash_table_new prime_size
0x0000000000035840 prime_size
0x0000000000035840 prime_size
hash_table_new xmalloc_real
xmalloc_real .plt.sec
.plt.sec __libc_malloc
hash_table_new .plt.sec
.plt.sec __nss_database_lookup
register_download 0x0000000000044420
0x0000000000044418 register_download
register_download hash_table_get_pair
hash_table_get_pair find_mapping
find_mapping string_hash
0x0000000000044420 register_download
register_download hash_table_contains
hash_table_contains find_mapping
find_mapping string_hash
register_download xstrdup_real
xstrdup_real .plt.sec
.plt.sec strdup
register_download xstrdup_real
xstrdup_real .plt.sec
.plt.sec strdup
0x0000000000044418 register_download
register_download hash_table_put
hash_table_put string_hash
register_download xstrdup_real
xstrdup_real .plt.sec
.plt.sec strdup
register_download xstrdup_real
xstrdup_real .plt.sec
.plt.sec strdup
0x0000000000044420 register_download
register_download hash_table_put
hash_table_put string_hash
retrieve_url register_html
0x0000000000046c00 register_html
retrieve_url url_free
url_free .plt.sec
.plt.sec free
url_free .plt.sec
.plt.sec free
url_free .plt.sec
.plt.sec free
url_free .plt.sec
.plt.sec free
url_free .plt.sec
.plt.sec free
url_free .plt.sec
.plt.sec free
retrieve_url .plt.sec
.plt.sec free
0x0000000000046c60 retrieve_url
retrieve_url 0x0000000000046c60
0x0000000000046c28 main
main .plt.sec
.plt.sec free
0x0000000000046a90 main
0x0000000000046a58 main
0x0000000000046a90 main
0x0000000000046c50 main
0x0000000000046c00 main
main log_close
0x0000000000043a20 log_close
0x00000000000438f0 log_close
0x0000000000043a20 log_close
log_close .plt.sec
.plt.sec _IO_fclose
log_close 0x0000000000046a00
log_close free_log_line
0x0000000000043a98 free_log_line
free_log_line 0x0000000000043aa0
log_close free_log_line
0x0000000000043b00 free_log_line
free_log_line 0x0000000000043b08
log_close free_log_line
0x0000000000043b68 free_log_line
free_log_line 0x0000000000043b70
log_close free_log_line
0x0000000000043bd0 free_log_line
free_log_line 0x0000000000043bd8
log_close free_log_line
0x0000000000043c38 free_log_line
free_log_line 0x0000000000043c40
log_close free_log_line
0x0000000000043ca0 free_log_line
free_log_line 0x0000000000043ca8
log_close free_log_line
0x0000000000043d08 free_log_line
0x0000000000043d08 free_log_line
free_log_line .plt.sec
.plt.sec free
free_log_line 0x0000000000043d08
free_log_line 0x0000000000043d10
log_close free_log_line
0x0000000000043d70 free_log_line
free_log_line 0x0000000000043d78
log_close free_log_line
0x0000000000043dd8 free_log_line
free_log_line 0x0000000000043de0
log_close free_log_line
0x0000000000043e40 free_log_line
free_log_line 0x0000000000043e48
log_close free_log_line
0x0000000000043ea8 free_log_line
free_log_line 0x0000000000043eb0
log_close free_log_line
0x0000000000043f10 free_log_line
free_log_line 0x0000000000043f18
log_close free_log_line
0x0000000000043f78 free_log_line
free_log_line 0x0000000000043f80
log_close free_log_line
0x0000000000043fe0 free_log_line
free_log_line 0x0000000000043fe8
log_close free_log_line
0x0000000000044048 free_log_line
free_log_line 0x0000000000044050
log_close free_log_line
0x00000000000440b0 free_log_line
free_log_line 0x00000000000440b8
log_close free_log_line
0x0000000000044118 free_log_line
free_log_line 0x0000000000044120
log_close free_log_line
0x0000000000044180 free_log_line
free_log_line 0x0000000000044188
log_close free_log_line
0x00000000000441e8 free_log_line
free_log_line 0x00000000000441f0
log_close free_log_line
0x0000000000044250 free_log_line
free_log_line 0x0000000000044258
log_close free_log_line
0x00000000000442b8 free_log_line
free_log_line 0x00000000000442c0
log_close free_log_line
0x0000000000044320 free_log_line
free_log_line 0x0000000000044328
log_close free_log_line
0x0000000000044388 free_log_line
free_log_line 0x0000000000044390
log_close free_log_line
0x00000000000443f0 free_log_line
free_log_line 0x00000000000443f8
log_close 0x0000000000042d4c
log_close 0x0000000000044400
main .plt.sec
.plt.sec free
main cleanup
0x0000000000046af8 cleanup
_dl_rtld_di_serinfo __do_global_dtors_aux
0x0000000000043928 __do_global_dtors_aux
0x000000000003fff8 __do_global_dtors_aux
0x0000000000040008 __do_global_dtors_aux
__do_global_dtors_aux .plt.got
.plt.got __cxa_finalize
__do_global_dtors_aux deregister_tm_clones
__do_global_dtors_aux 0x0000000000043928
_dl_rtld_di_serinfo _fini
